<?xml version="1.0" encoding="UTF-8"?>
<coverage generated="1508918671">
  <project timestamp="1508918671">
    <package name="Altapay">
      <file name="/home/lsv/Projects/altapay-php-api/src/AbstractApi.php">
        <class name="AbstractApi" namespace="Altapay">
          <metrics complexity="34" methods="23" coveredmethods="23" conditionals="0" coveredconditionals="0" statements="77" coveredstatements="77" elements="100" coveredelements="100"/>
        </class>
        <line num="145" type="method" name="__construct" visibility="public" complexity="1" crap="1" count="128"/>
        <line num="147" type="stmt" count="128"/>
        <line num="148" type="stmt" count="128"/>
        <line num="149" type="stmt" count="128"/>
        <line num="151" type="stmt" count="128"/>
        <line num="152" type="stmt" count="128"/>
        <line num="153" type="stmt" count="128"/>
        <line num="160" type="method" name="call" visibility="public" complexity="1" crap="1" count="105"/>
        <line num="162" type="stmt" count="105"/>
        <line num="171" type="method" name="setClient" visibility="public" complexity="1" crap="1" count="108"/>
        <line num="173" type="stmt" count="108"/>
        <line num="174" type="stmt" count="108"/>
        <line num="183" type="method" name="getRawRequest" visibility="public" complexity="1" crap="1" count="44"/>
        <line num="185" type="stmt" count="44"/>
        <line num="194" type="method" name="getRawResponse" visibility="public" complexity="1" crap="1" count="3"/>
        <line num="196" type="stmt" count="3"/>
        <line num="204" type="method" name="getHttpMethod" visibility="protected" complexity="1" crap="1" count="94"/>
        <line num="206" type="stmt" count="94"/>
        <line num="216" type="method" name="handleExceptionResponse" visibility="protected" complexity="1" crap="1" count="6"/>
        <line num="218" type="stmt" count="6"/>
        <line num="224" type="method" name="doConfigureOptions" visibility="protected" complexity="1" crap="1" count="105"/>
        <line num="226" type="stmt" count="105"/>
        <line num="228" type="stmt" count="105"/>
        <line num="230" type="stmt" count="105"/>
        <line num="231" type="stmt" count="105"/>
        <line num="232" type="stmt" count="105"/>
        <line num="233" type="stmt" count="105"/>
        <line num="234" type="stmt" count="105"/>
        <line num="235" type="stmt" count="105"/>
        <line num="236" type="stmt" count="105"/>
        <line num="237" type="stmt" count="105"/>
        <line num="239" type="stmt" count="105"/>
        <line num="240" type="stmt" count="94"/>
        <line num="249" type="method" name="validateResponse" visibility="protected" complexity="5" crap="5" count="85"/>
        <line num="251" type="stmt" count="85"/>
        <line num="252" type="stmt" count="66"/>
        <line num="253" type="stmt" count="2"/>
        <line num="256" type="stmt" count="64"/>
        <line num="257" type="stmt" count="28"/>
        <line num="258" type="stmt" count="1"/>
        <line num="259" type="stmt" count="4"/>
        <line num="260" type="stmt" count="27"/>
        <line num="261" type="stmt" count="63"/>
        <line num="262" type="stmt" count="82"/>
        <line num="267" type="method" name="doResponse" visibility="protected" complexity="2" crap="2" count="105"/>
        <line num="269" type="stmt" count="105"/>
        <line num="270" type="stmt" count="94"/>
        <line num="271" type="stmt" count="94"/>
        <line num="272" type="stmt" count="94"/>
        <line num="273" type="stmt" count="94"/>
        <line num="275" type="stmt" count="94"/>
        <line num="277" type="stmt" count="94"/>
        <line num="280" type="stmt" count="94"/>
        <line num="281" type="stmt" count="86"/>
        <line num="283" type="stmt" count="86"/>
        <line num="284" type="stmt" count="85"/>
        <line num="286" type="stmt" count="82"/>
        <line num="287" type="stmt" count="12"/>
        <line num="288" type="stmt" count="8"/>
        <line num="289" type="stmt" count="8"/>
        <line num="298" type="method" name="parseUrl" visibility="protected" complexity="2" crap="2" count="91"/>
        <line num="300" type="stmt" count="91"/>
        <line num="301" type="stmt" count="91"/>
        <line num="302" type="stmt" count="91"/>
        <line num="303" type="stmt" count="91"/>
        <line num="304" type="stmt" count="91"/>
        <line num="305" type="stmt" count="91"/>
        <line num="314" type="method" name="buildUrl" visibility="protected" complexity="2" crap="2" count="86"/>
        <line num="316" type="stmt" count="86"/>
        <line num="317" type="stmt" count="15"/>
        <line num="320" type="stmt" count="71"/>
        <line num="328" type="method" name="authRequired" visibility="protected" complexity="1" crap="1" count="91"/>
        <line num="330" type="stmt" count="91"/>
        <line num="338" type="method" name="getBasicHeaders" visibility="protected" complexity="2" crap="2" count="94"/>
        <line num="340" type="stmt" count="94"/>
        <line num="342" type="stmt" count="94"/>
        <line num="343" type="stmt" count="91"/>
        <line num="344" type="stmt" count="91"/>
        <line num="345" type="stmt" count="91"/>
        <line num="346" type="stmt" count="91"/>
        <line num="347" type="stmt" count="91"/>
        <line num="349" type="stmt" count="94"/>
        <line num="357" type="method" name="getClient" visibility="private" complexity="1" crap="1" count="94"/>
        <line num="359" type="stmt" count="94"/>
        <line num="367" type="method" name="setTransactionResolver" visibility="protected" complexity="1" crap="1" count="65"/>
        <line num="369" type="stmt" count="65"/>
        <line num="376" type="method" name="setOrderLinesResolver" visibility="protected" complexity="1" crap="1" count="83"/>
        <line num="378" type="stmt" count="83"/>
        <line num="385" type="method" name="setAmountResolver" visibility="protected" complexity="1" crap="1" count="39"/>
        <line num="387" type="stmt" count="39"/>
        <line num="394" type="method" name="setTerminalResolver" visibility="protected" complexity="1" crap="1" count="49"/>
        <line num="396" type="stmt" count="49"/>
        <line num="403" type="method" name="setCurrencyResolver" visibility="protected" complexity="1" crap="1" count="63"/>
        <line num="405" type="stmt" count="63"/>
        <line num="412" type="method" name="setShopOrderIdResolver" visibility="protected" complexity="1" crap="1" count="58"/>
        <line num="414" type="stmt" count="58"/>
        <line num="421" type="method" name="setTransactionInfoResolver" visibility="protected" complexity="1" crap="1" count="70"/>
        <line num="423" type="stmt" count="70"/>
        <line num="430" type="method" name="setCustomerInfoResolver" visibility="protected" complexity="1" crap="1" count="76"/>
        <line num="432" type="stmt" count="76"/>
        <metrics loc="433" ncloc="220" classes="1" methods="23" coveredmethods="23" conditionals="0" coveredconditionals="0" statements="77" coveredstatements="77" elements="100" coveredelements="100"/>
      </file>
      <file name="/home/lsv/Projects/altapay-php-api/src/Authentication.php">
        <class name="Authentication" namespace="Altapay">
          <metrics complexity="4" methods="4" coveredmethods="4" conditionals="0" coveredconditionals="0" statements="7" coveredstatements="7" elements="11" coveredelements="11"/>
        </class>
        <line num="59" type="method" name="__construct" visibility="public" complexity="1" crap="1" count="131"/>
        <line num="61" type="stmt" count="131"/>
        <line num="62" type="stmt" count="131"/>
        <line num="63" type="stmt" count="131"/>
        <line num="64" type="stmt" count="131"/>
        <line num="71" type="method" name="getUsername" visibility="public" complexity="1" crap="1" count="91"/>
        <line num="73" type="stmt" count="91"/>
        <line num="81" type="method" name="getPassword" visibility="public" complexity="1" crap="1" count="91"/>
        <line num="83" type="stmt" count="91"/>
        <line num="91" type="method" name="getBaseurl" visibility="public" complexity="1" crap="1" count="128"/>
        <line num="93" type="stmt" count="128"/>
        <metrics loc="95" ncloc="34" classes="1" methods="4" coveredmethods="4" conditionals="0" coveredconditionals="0" statements="7" coveredstatements="7" elements="11" coveredelements="11"/>
      </file>
      <file name="/home/lsv/Projects/altapay-php-api/src/Factory.php">
        <class name="Factory" namespace="Altapay">
          <metrics complexity="2" methods="1" coveredmethods="1" conditionals="0" coveredconditionals="0" statements="3" coveredstatements="3" elements="4" coveredelements="4"/>
        </class>
        <line num="62" type="method" name="create" visibility="public" complexity="2" crap="2" count="23"/>
        <line num="64" type="stmt" count="23"/>
        <line num="65" type="stmt" count="21"/>
        <line num="68" type="stmt" count="2"/>
        <metrics loc="70" ncloc="49" classes="1" methods="1" coveredmethods="1" conditionals="0" coveredconditionals="0" statements="3" coveredstatements="3" elements="4" coveredelements="4"/>
      </file>
    </package>
    <package name="Altapay\Api\Ecommerce">
      <file name="/home/lsv/Projects/altapay-php-api/src/Api/Ecommerce/Callback.php">
        <class name="Callback" namespace="Altapay\Api\Ecommerce">
          <metrics complexity="18" methods="2" coveredmethods="1" conditionals="0" coveredconditionals="0" statements="53" coveredstatements="51" elements="55" coveredelements="52"/>
        </class>
        <line num="34" type="method" name="__construct" visibility="public" complexity="1" crap="1" count="2"/>
        <line num="36" type="stmt" count="2"/>
        <line num="37" type="stmt" count="2"/>
        <line num="42" type="method" name="call" visibility="public" complexity="17" crap="17" count="1"/>
        <line num="44" type="stmt" count="1"/>
        <line num="46" type="stmt" count="1"/>
        <line num="47" type="stmt" count="1"/>
        <line num="48" type="stmt" count="1"/>
        <line num="49" type="stmt" count="1"/>
        <line num="51" type="stmt" count="1"/>
        <line num="52" type="stmt" count="1"/>
        <line num="53" type="stmt" count="1"/>
        <line num="55" type="stmt" count="1"/>
        <line num="56" type="stmt" count="1"/>
        <line num="57" type="stmt" count="1"/>
        <line num="59" type="stmt" count="1"/>
        <line num="60" type="stmt" count="1"/>
        <line num="61" type="stmt" count="1"/>
        <line num="63" type="stmt" count="1"/>
        <line num="64" type="stmt" count="1"/>
        <line num="65" type="stmt" count="1"/>
        <line num="67" type="stmt" count="1"/>
        <line num="68" type="stmt" count="1"/>
        <line num="69" type="stmt" count="1"/>
        <line num="71" type="stmt" count="1"/>
        <line num="72" type="stmt" count="1"/>
        <line num="73" type="stmt" count="1"/>
        <line num="75" type="stmt" count="1"/>
        <line num="76" type="stmt" count="1"/>
        <line num="77" type="stmt" count="1"/>
        <line num="79" type="stmt" count="1"/>
        <line num="80" type="stmt" count="1"/>
        <line num="81" type="stmt" count="1"/>
        <line num="83" type="stmt" count="1"/>
        <line num="84" type="stmt" count="1"/>
        <line num="85" type="stmt" count="1"/>
        <line num="87" type="stmt" count="1"/>
        <line num="88" type="stmt" count="1"/>
        <line num="89" type="stmt" count="1"/>
        <line num="91" type="stmt" count="1"/>
        <line num="92" type="stmt" count="1"/>
        <line num="93" type="stmt" count="1"/>
        <line num="95" type="stmt" count="1"/>
        <line num="96" type="stmt" count="0"/>
        <line num="97" type="stmt" count="0"/>
        <line num="99" type="stmt" count="1"/>
        <line num="100" type="stmt" count="1"/>
        <line num="101" type="stmt" count="1"/>
        <line num="103" type="stmt" count="1"/>
        <line num="104" type="stmt" count="1"/>
        <line num="105" type="stmt" count="1"/>
        <line num="107" type="stmt" count="1"/>
        <line num="108" type="stmt" count="1"/>
        <line num="109" type="stmt" count="1"/>
        <line num="111" type="stmt" count="1"/>
        <metrics loc="113" ncloc="88" classes="1" methods="2" coveredmethods="1" conditionals="0" coveredconditionals="0" statements="53" coveredstatements="51" elements="55" coveredelements="52"/>
      </file>
      <file name="/home/lsv/Projects/altapay-php-api/src/Api/Ecommerce/PaymentRequest.php">
        <class name="PaymentRequest" namespace="Altapay\Api\Ecommerce">
          <metrics complexity="19" methods="17" coveredmethods="17" conditionals="0" coveredconditionals="0" statements="57" coveredstatements="57" elements="74" coveredelements="74"/>
        </class>
        <line num="54" type="method" name="setLanguage" visibility="public" complexity="1" crap="1" count="2"/>
        <line num="56" type="stmt" count="2"/>
        <line num="57" type="stmt" count="2"/>
        <line num="66" type="method" name="setType" visibility="public" complexity="1" crap="1" count="1"/>
        <line num="68" type="stmt" count="1"/>
        <line num="69" type="stmt" count="1"/>
        <line num="78" type="method" name="setCcToken" visibility="public" complexity="1" crap="1" count="1"/>
        <line num="80" type="stmt" count="1"/>
        <line num="81" type="stmt" count="1"/>
        <line num="90" type="method" name="setSaleReconciliationIdentifier" visibility="public" complexity="1" crap="1" count="1"/>
        <line num="92" type="stmt" count="1"/>
        <line num="93" type="stmt" count="1"/>
        <line num="102" type="method" name="setSaleInvoiceNumber" visibility="public" complexity="1" crap="1" count="1"/>
        <line num="104" type="stmt" count="1"/>
        <line num="105" type="stmt" count="1"/>
        <line num="114" type="method" name="setSalesTax" visibility="public" complexity="1" crap="1" count="1"/>
        <line num="116" type="stmt" count="1"/>
        <line num="117" type="stmt" count="1"/>
        <line num="126" type="method" name="setCookie" visibility="public" complexity="1" crap="1" count="1"/>
        <line num="128" type="stmt" count="1"/>
        <line num="129" type="stmt" count="1"/>
        <line num="138" type="method" name="setPaymentSource" visibility="public" complexity="1" crap="1" count="1"/>
        <line num="140" type="stmt" count="1"/>
        <line num="141" type="stmt" count="1"/>
        <line num="150" type="method" name="setConfig" visibility="public" complexity="1" crap="1" count="1"/>
        <line num="152" type="stmt" count="1"/>
        <line num="153" type="stmt" count="1"/>
        <line num="162" type="method" name="setFraudService" visibility="public" complexity="1" crap="1" count="1"/>
        <line num="164" type="stmt" count="1"/>
        <line num="165" type="stmt" count="1"/>
        <line num="174" type="method" name="setShippingMethod" visibility="public" complexity="1" crap="1" count="1"/>
        <line num="176" type="stmt" count="1"/>
        <line num="177" type="stmt" count="1"/>
        <line num="186" type="method" name="setOrganisationNumber" visibility="public" complexity="1" crap="1" count="1"/>
        <line num="188" type="stmt" count="1"/>
        <line num="189" type="stmt" count="1"/>
        <line num="199" type="method" name="setAccountOffer" visibility="public" complexity="1" crap="1" count="1"/>
        <line num="201" type="stmt" count="1"/>
        <line num="202" type="stmt" count="1"/>
        <line num="211" type="method" name="configureOptions" visibility="protected" complexity="2" crap="2" count="5"/>
        <line num="213" type="stmt" count="5"/>
        <line num="214" type="stmt" count="5"/>
        <line num="215" type="stmt" count="5"/>
        <line num="216" type="stmt" count="5"/>
        <line num="217" type="stmt" count="5"/>
        <line num="218" type="stmt" count="5"/>
        <line num="220" type="stmt" count="5"/>
        <line num="221" type="stmt" count="5"/>
        <line num="222" type="stmt" count="5"/>
        <line num="224" type="stmt" count="1"/>
        <line num="225" type="stmt" count="5"/>
        <line num="227" type="stmt" count="1"/>
        <line num="228" type="stmt" count="5"/>
        <line num="230" type="stmt" count="1"/>
        <line num="231" type="stmt" count="5"/>
        <line num="232" type="stmt" count="5"/>
        <line num="233" type="stmt" count="5"/>
        <line num="234" type="stmt" count="5"/>
        <line num="235" type="stmt" count="5"/>
        <line num="238" type="stmt" count="1"/>
        <line num="239" type="stmt" count="5"/>
        <line num="241" type="stmt" count="1"/>
        <line num="242" type="stmt" count="5"/>
        <line num="243" type="stmt" count="5"/>
        <line num="245" type="method" name="anonymous function" complexity="2" crap="2" count="5"/>
        <line num="246" type="stmt" count="1"/>
        <line num="247" type="stmt" count="5"/>
        <line num="248" type="stmt" count="5"/>
        <line num="257" type="method" name="handleResponse" visibility="protected" complexity="1" crap="1" count="4"/>
        <line num="259" type="stmt" count="4"/>
        <line num="260" type="stmt" count="4"/>
        <line num="261" type="stmt" count="4"/>
        <line num="270" type="method" name="getUrl" visibility="protected" complexity="1" crap="1" count="4"/>
        <line num="272" type="stmt" count="4"/>
        <line num="273" type="stmt" count="4"/>
        <metrics loc="275" ncloc="154" classes="1" methods="17" coveredmethods="17" conditionals="0" coveredconditionals="0" statements="58" coveredstatements="58" elements="75" coveredelements="75"/>
      </file>
    </package>
    <package name="Altapay\Api\Others">
      <file name="/home/lsv/Projects/altapay-php-api/src/Api/Others/CalculateSurcharge.php">
        <class name="CalculateSurcharge" namespace="Altapay\Api\Others">
          <metrics complexity="13" methods="6" coveredmethods="6" conditionals="0" coveredconditionals="0" statements="33" coveredstatements="33" elements="39" coveredelements="39"/>
        </class>
        <line num="52" type="method" name="setCreditCardToken" visibility="public" complexity="1" crap="1" count="4"/>
        <line num="54" type="stmt" count="4"/>
        <line num="55" type="stmt" count="4"/>
        <line num="64" type="method" name="setPaymentId" visibility="public" complexity="1" crap="1" count="3"/>
        <line num="66" type="stmt" count="3"/>
        <line num="67" type="stmt" count="3"/>
        <line num="76" type="method" name="configureOptions" visibility="protected" complexity="6" crap="6" count="7"/>
        <line num="78" type="stmt" count="7"/>
        <line num="79" type="stmt" count="7"/>
        <line num="80" type="stmt" count="7"/>
        <line num="81" type="stmt" count="7"/>
        <line num="84" type="stmt" count="5"/>
        <line num="85" type="stmt" count="4"/>
        <line num="86" type="stmt" count="4"/>
        <line num="87" type="stmt" count="4"/>
        <line num="88" type="stmt" count="1"/>
        <line num="89" type="stmt" count="1"/>
        <line num="90" type="stmt" count="1"/>
        <line num="92" type="stmt" count="4"/>
        <line num="93" type="stmt" count="3"/>
        <line num="95" type="stmt" count="4"/>
        <line num="96" type="stmt" count="7"/>
        <line num="98" type="method" name="anonymous function" complexity="3" crap="3" count="7"/>
        <line num="99" type="stmt" count="3"/>
        <line num="100" type="stmt" count="3"/>
        <line num="101" type="stmt" count="3"/>
        <line num="102" type="stmt" count="1"/>
        <line num="103" type="stmt" count="1"/>
        <line num="104" type="stmt" count="1"/>
        <line num="106" type="stmt" count="2"/>
        <line num="108" type="stmt" count="2"/>
        <line num="109" type="stmt" count="7"/>
        <line num="110" type="stmt" count="7"/>
        <line num="119" type="method" name="handleResponse" visibility="protected" complexity="1" crap="1" count="5"/>
        <line num="121" type="stmt" count="5"/>
        <line num="122" type="stmt" count="5"/>
        <line num="123" type="stmt" count="5"/>
        <line num="132" type="method" name="getUrl" visibility="protected" complexity="1" crap="1" count="5"/>
        <line num="134" type="stmt" count="5"/>
        <line num="135" type="stmt" count="5"/>
        <metrics loc="137" ncloc="81" classes="1" methods="6" coveredmethods="6" conditionals="0" coveredconditionals="0" statements="34" coveredstatements="34" elements="40" coveredelements="40"/>
      </file>
      <file name="/home/lsv/Projects/altapay-php-api/src/Api/Others/CustomReport.php">
        <class name="CustomReport" namespace="Altapay\Api\Others">
          <metrics complexity="4" methods="4" coveredmethods="4" conditionals="0" coveredconditionals="0" statements="8" coveredstatements="8" elements="12" coveredelements="12"/>
        </class>
        <line num="50" type="method" name="setCustomReportId" visibility="public" complexity="1" crap="1" count="2"/>
        <line num="52" type="stmt" count="2"/>
        <line num="53" type="stmt" count="2"/>
        <line num="62" type="method" name="configureOptions" visibility="protected" complexity="1" crap="1" count="2"/>
        <line num="64" type="stmt" count="2"/>
        <line num="65" type="stmt" count="2"/>
        <line num="66" type="stmt" count="2"/>
        <line num="75" type="method" name="handleResponse" visibility="protected" complexity="1" crap="1" count="2"/>
        <line num="77" type="stmt" count="2"/>
        <line num="86" type="method" name="getUrl" visibility="protected" complexity="1" crap="1" count="2"/>
        <line num="88" type="stmt" count="2"/>
        <line num="89" type="stmt" count="2"/>
        <metrics loc="91" ncloc="38" classes="1" methods="4" coveredmethods="4" conditionals="0" coveredconditionals="0" statements="8" coveredstatements="8" elements="12" coveredelements="12"/>
      </file>
      <file name="/home/lsv/Projects/altapay-php-api/src/Api/Others/FundingDownload.php">
        <class name="FundingDownload" namespace="Altapay\Api\Others">
          <metrics complexity="9" methods="7" coveredmethods="7" conditionals="0" coveredconditionals="0" statements="13" coveredstatements="13" elements="20" coveredelements="20"/>
        </class>
        <line num="48" type="method" name="setFunding" visibility="public" complexity="1" crap="1" count="1"/>
        <line num="50" type="stmt" count="1"/>
        <line num="51" type="stmt" count="1"/>
        <line num="60" type="method" name="setFundingDownloadLink" visibility="public" complexity="1" crap="1" count="2"/>
        <line num="62" type="stmt" count="2"/>
        <line num="63" type="stmt" count="2"/>
        <line num="72" type="method" name="configureOptions" visibility="protected" complexity="2" crap="2" count="3"/>
        <line num="74" type="stmt" count="3"/>
        <line num="75" type="stmt" count="3"/>
        <line num="77" type="method" name="anonymous function" complexity="2" crap="2" count="3"/>
        <line num="78" type="stmt" count="3"/>
        <line num="79" type="stmt" count="1"/>
        <line num="81" type="stmt" count="2"/>
        <line num="82" type="stmt" count="3"/>
        <line num="83" type="stmt" count="3"/>
        <line num="92" type="method" name="handleResponse" visibility="protected" complexity="1" crap="1" count="3"/>
        <line num="94" type="stmt" count="3"/>
        <line num="103" type="method" name="getUrl" visibility="protected" complexity="1" crap="1" count="3"/>
        <line num="105" type="stmt" count="3"/>
        <line num="113" type="method" name="parseUrl" visibility="protected" complexity="1" crap="1" count="3"/>
        <line num="115" type="stmt" count="3"/>
        <metrics loc="117" ncloc="56" classes="1" methods="7" coveredmethods="7" conditionals="0" coveredconditionals="0" statements="14" coveredstatements="14" elements="21" coveredelements="21"/>
      </file>
      <file name="/home/lsv/Projects/altapay-php-api/src/Api/Others/FundingList.php">
        <class name="FundingList" namespace="Altapay\Api\Others">
          <metrics complexity="4" methods="4" coveredmethods="4" conditionals="0" coveredconditionals="0" statements="11" coveredstatements="11" elements="15" coveredelements="15"/>
        </class>
        <line num="44" type="method" name="setPage" visibility="public" complexity="1" crap="1" count="1"/>
        <line num="46" type="stmt" count="1"/>
        <line num="47" type="stmt" count="1"/>
        <line num="55" type="method" name="configureOptions" visibility="protected" complexity="1" crap="1" count="6"/>
        <line num="57" type="stmt" count="6"/>
        <line num="58" type="stmt" count="6"/>
        <line num="59" type="stmt" count="6"/>
        <line num="60" type="stmt" count="6"/>
        <line num="69" type="method" name="handleResponse" visibility="protected" complexity="1" crap="1" count="6"/>
        <line num="71" type="stmt" count="6"/>
        <line num="72" type="stmt" count="6"/>
        <line num="73" type="stmt" count="6"/>
        <line num="82" type="method" name="getUrl" visibility="protected" complexity="1" crap="1" count="6"/>
        <line num="84" type="stmt" count="6"/>
        <line num="85" type="stmt" count="6"/>
        <metrics loc="87" ncloc="39" classes="1" methods="4" coveredmethods="4" conditionals="0" coveredconditionals="0" statements="11" coveredstatements="11" elements="15" coveredelements="15"/>
      </file>
      <file name="/home/lsv/Projects/altapay-php-api/src/Api/Others/InvoiceText.php">
        <class name="InvoiceText" namespace="Altapay\Api\Others">
          <metrics complexity="3" methods="3" coveredmethods="3" conditionals="0" coveredconditionals="0" statements="7" coveredstatements="7" elements="10" coveredelements="10"/>
        </class>
        <line num="52" type="method" name="configureOptions" visibility="protected" complexity="1" crap="1" count="2"/>
        <line num="54" type="stmt" count="2"/>
        <line num="55" type="stmt" count="2"/>
        <line num="64" type="method" name="handleResponse" visibility="protected" complexity="1" crap="1" count="2"/>
        <line num="66" type="stmt" count="2"/>
        <line num="67" type="stmt" count="2"/>
        <line num="68" type="stmt" count="2"/>
        <line num="77" type="method" name="getUrl" visibility="protected" complexity="1" crap="1" count="2"/>
        <line num="79" type="stmt" count="2"/>
        <line num="80" type="stmt" count="2"/>
        <metrics loc="82" ncloc="36" classes="1" methods="3" coveredmethods="3" conditionals="0" coveredconditionals="0" statements="7" coveredstatements="7" elements="10" coveredelements="10"/>
      </file>
      <file name="/home/lsv/Projects/altapay-php-api/src/Api/Others/Payments.php">
        <class name="Payments" namespace="Altapay\Api\Others">
          <metrics complexity="6" methods="5" coveredmethods="5" conditionals="0" coveredconditionals="0" statements="13" coveredstatements="13" elements="18" coveredelements="18"/>
        </class>
        <line num="56" type="method" name="setPaymentId" visibility="public" complexity="1" crap="1" count="1"/>
        <line num="58" type="stmt" count="1"/>
        <line num="59" type="stmt" count="1"/>
        <line num="72" type="method" name="setShop" visibility="public" complexity="1" crap="1" count="1"/>
        <line num="74" type="stmt" count="1"/>
        <line num="75" type="stmt" count="1"/>
        <line num="84" type="method" name="configureOptions" visibility="protected" complexity="1" crap="1" count="12"/>
        <line num="86" type="stmt" count="12"/>
        <line num="87" type="stmt" count="12"/>
        <line num="88" type="stmt" count="12"/>
        <line num="89" type="stmt" count="12"/>
        <line num="98" type="method" name="handleResponse" visibility="protected" complexity="1" crap="1" count="11"/>
        <line num="100" type="stmt" count="11"/>
        <line num="101" type="stmt" count="11"/>
        <line num="102" type="stmt" count="11"/>
        <line num="111" type="method" name="getUrl" visibility="protected" complexity="2" crap="2" count="12"/>
        <line num="113" type="stmt" count="12"/>
        <line num="114" type="stmt" count="12"/>
        <metrics loc="116" ncloc="51" classes="1" methods="5" coveredmethods="5" conditionals="0" coveredconditionals="0" statements="13" coveredstatements="13" elements="18" coveredelements="18"/>
      </file>
      <file name="/home/lsv/Projects/altapay-php-api/src/Api/Others/QueryGiftcard.php">
        <class name="QueryGiftcard" namespace="Altapay\Api\Others">
          <metrics complexity="4" methods="4" coveredmethods="4" conditionals="0" coveredconditionals="0" statements="15" coveredstatements="15" elements="19" coveredelements="19"/>
        </class>
        <line num="49" type="method" name="setGiftcard" visibility="public" complexity="1" crap="1" count="2"/>
        <line num="51" type="stmt" count="2"/>
        <line num="52" type="stmt" count="2"/>
        <line num="61" type="method" name="configureOptions" visibility="protected" complexity="1" crap="1" count="2"/>
        <line num="63" type="stmt" count="2"/>
        <line num="64" type="stmt" count="2"/>
        <line num="65" type="stmt" count="2"/>
        <line num="74" type="method" name="handleResponse" visibility="protected" complexity="1" crap="1" count="2"/>
        <line num="76" type="stmt" count="2"/>
        <line num="77" type="stmt" count="2"/>
        <line num="78" type="stmt" count="2"/>
        <line num="87" type="method" name="getUrl" visibility="protected" complexity="1" crap="1" count="2"/>
        <line num="90" type="stmt" count="2"/>
        <line num="91" type="stmt" count="2"/>
        <line num="92" type="stmt" count="2"/>
        <line num="93" type="stmt" count="2"/>
        <line num="94" type="stmt" count="2"/>
        <line num="95" type="stmt" count="2"/>
        <line num="96" type="stmt" count="2"/>
        <metrics loc="98" ncloc="48" classes="1" methods="4" coveredmethods="4" conditionals="0" coveredconditionals="0" statements="15" coveredstatements="15" elements="19" coveredelements="19"/>
      </file>
      <file name="/home/lsv/Projects/altapay-php-api/src/Api/Others/Terminals.php">
        <class name="Terminals" namespace="Altapay\Api\Others">
          <metrics complexity="3" methods="3" coveredmethods="3" conditionals="0" coveredconditionals="0" statements="6" coveredstatements="6" elements="9" coveredelements="9"/>
        </class>
        <line num="46" type="method" name="configureOptions" visibility="protected" complexity="1" crap="1" count="5"/>
        <line num="48" type="stmt" count="5"/>
        <line num="57" type="method" name="handleResponse" visibility="protected" complexity="1" crap="1" count="5"/>
        <line num="59" type="stmt" count="5"/>
        <line num="60" type="stmt" count="5"/>
        <line num="61" type="stmt" count="5"/>
        <line num="70" type="method" name="getUrl" visibility="protected" complexity="1" crap="1" count="5"/>
        <line num="72" type="stmt" count="5"/>
        <line num="73" type="stmt" count="5"/>
        <metrics loc="75" ncloc="31" classes="1" methods="3" coveredmethods="3" conditionals="0" coveredconditionals="0" statements="6" coveredstatements="6" elements="9" coveredelements="9"/>
      </file>
    </package>
    <package name="Altapay\Api\Payments">
      <file name="/home/lsv/Projects/altapay-php-api/src/Api/Payments/CaptureReservation.php">
        <class name="CaptureReservation" namespace="Altapay\Api\Payments">
          <metrics complexity="8" methods="6" coveredmethods="5" conditionals="0" coveredconditionals="0" statements="23" coveredstatements="20" elements="29" coveredelements="25"/>
        </class>
        <line num="59" type="method" name="setReconciliationIdentifier" visibility="public" complexity="1" crap="1" count="1"/>
        <line num="60" type="stmt" count="1"/>
        <line num="61" type="stmt" count="1"/>
        <line num="62" type="stmt" count="1"/>
        <line num="72" type="method" name="setInvoiceNumber" visibility="public" complexity="1" crap="1" count="1"/>
        <line num="74" type="stmt" count="1"/>
        <line num="75" type="stmt" count="1"/>
        <line num="84" type="method" name="setSalesTax" visibility="public" complexity="1" crap="1" count="1"/>
        <line num="86" type="stmt" count="1"/>
        <line num="87" type="stmt" count="1"/>
        <line num="96" type="method" name="configureOptions" visibility="protected" complexity="1" crap="1" count="7"/>
        <line num="98" type="stmt" count="7"/>
        <line num="99" type="stmt" count="7"/>
        <line num="100" type="stmt" count="7"/>
        <line num="101" type="stmt" count="7"/>
        <line num="102" type="stmt" count="7"/>
        <line num="103" type="stmt" count="7"/>
        <line num="112" type="method" name="handleResponse" visibility="protected" complexity="3" crap="3.47" count="6"/>
        <line num="114" type="stmt" count="6"/>
        <line num="115" type="stmt" count="6"/>
        <line num="116" type="stmt" count="6"/>
        <line num="117" type="stmt" count="0"/>
        <line num="121" type="stmt" count="6"/>
        <line num="122" type="stmt" count="6"/>
        <line num="123" type="stmt" count="0"/>
        <line num="124" type="stmt" count="0"/>
        <line num="134" type="method" name="getUrl" visibility="protected" complexity="1" crap="1" count="7"/>
        <line num="136" type="stmt" count="7"/>
        <line num="137" type="stmt" count="7"/>
        <metrics loc="139" ncloc="70" classes="1" methods="6" coveredmethods="5" conditionals="0" coveredconditionals="0" statements="23" coveredstatements="20" elements="29" coveredelements="25"/>
      </file>
      <file name="/home/lsv/Projects/altapay-php-api/src/Api/Payments/Credit.php">
        <class name="Credit" namespace="Altapay\Api\Payments">
          <metrics complexity="11" methods="7" coveredmethods="7" conditionals="0" coveredconditionals="0" statements="27" coveredstatements="27" elements="34" coveredelements="34"/>
        </class>
        <line num="56" type="method" name="setPaymentSource" visibility="public" complexity="1" crap="1" count="2"/>
        <line num="58" type="stmt" count="2"/>
        <line num="59" type="stmt" count="2"/>
        <line num="60" type="stmt" count="1"/>
        <line num="68" type="method" name="setCard" visibility="public" complexity="1" crap="1" count="3"/>
        <line num="70" type="stmt" count="3"/>
        <line num="71" type="stmt" count="3"/>
        <line num="72" type="stmt" count="3"/>
        <line num="73" type="stmt" count="3"/>
        <line num="74" type="stmt" count="3"/>
        <line num="83" type="method" name="setCreditCardToken" visibility="public" complexity="1" crap="1" count="4"/>
        <line num="85" type="stmt" count="4"/>
        <line num="86" type="stmt" count="4"/>
        <line num="95" type="method" name="configureOptions" visibility="protected" complexity="3" crap="3" count="6"/>
        <line num="97" type="stmt" count="6"/>
        <line num="99" type="stmt" count="6"/>
        <line num="100" type="stmt" count="6"/>
        <line num="101" type="stmt" count="6"/>
        <line num="102" type="stmt" count="6"/>
        <line num="104" type="stmt" count="6"/>
        <line num="105" type="stmt" count="6"/>
        <line num="107" type="method" name="anonymous function" complexity="3" crap="3" count="6"/>
        <line num="108" type="stmt" count="3"/>
        <line num="109" type="stmt" count="1"/>
        <line num="111" type="stmt" count="1"/>
        <line num="114" type="stmt" count="2"/>
        <line num="115" type="stmt" count="6"/>
        <line num="116" type="stmt" count="6"/>
        <line num="125" type="method" name="handleResponse" visibility="protected" complexity="1" crap="1" count="4"/>
        <line num="127" type="stmt" count="4"/>
        <line num="128" type="stmt" count="4"/>
        <line num="129" type="stmt" count="4"/>
        <line num="138" type="method" name="getUrl" visibility="protected" complexity="1" crap="1" count="4"/>
        <line num="140" type="stmt" count="4"/>
        <line num="141" type="stmt" count="4"/>
        <metrics loc="143" ncloc="82" classes="1" methods="7" coveredmethods="7" conditionals="0" coveredconditionals="0" statements="28" coveredstatements="28" elements="35" coveredelements="35"/>
      </file>
      <file name="/home/lsv/Projects/altapay-php-api/src/Api/Payments/InvoiceReservation.php">
        <class name="InvoiceReservation" namespace="Altapay\Api\Payments">
          <metrics complexity="8" methods="8" coveredmethods="8" conditionals="0" coveredconditionals="0" statements="30" coveredstatements="30" elements="38" coveredelements="38"/>
        </class>
        <line num="51" type="method" name="setType" visibility="public" complexity="1" crap="1" count="1"/>
        <line num="53" type="stmt" count="1"/>
        <line num="54" type="stmt" count="1"/>
        <line num="61" type="method" name="setAccountNumber" visibility="public" complexity="1" crap="1" count="1"/>
        <line num="63" type="stmt" count="1"/>
        <line num="64" type="stmt" count="1"/>
        <line num="71" type="method" name="setPaymentSource" visibility="public" complexity="1" crap="1" count="1"/>
        <line num="73" type="stmt" count="1"/>
        <line num="74" type="stmt" count="1"/>
        <line num="81" type="method" name="setBankCode" visibility="public" complexity="1" crap="1" count="1"/>
        <line num="83" type="stmt" count="1"/>
        <line num="84" type="stmt" count="1"/>
        <line num="91" type="method" name="setFraudService" visibility="public" complexity="1" crap="1" count="1"/>
        <line num="93" type="stmt" count="1"/>
        <line num="94" type="stmt" count="1"/>
        <line num="102" type="method" name="configureOptions" visibility="protected" complexity="1" crap="1" count="3"/>
        <line num="104" type="stmt" count="3"/>
        <line num="105" type="stmt" count="3"/>
        <line num="106" type="stmt" count="3"/>
        <line num="107" type="stmt" count="3"/>
        <line num="109" type="stmt" count="3"/>
        <line num="110" type="stmt" count="3"/>
        <line num="111" type="stmt" count="3"/>
        <line num="112" type="stmt" count="3"/>
        <line num="114" type="stmt" count="3"/>
        <line num="115" type="stmt" count="3"/>
        <line num="117" type="stmt" count="3"/>
        <line num="118" type="stmt" count="3"/>
        <line num="119" type="stmt" count="3"/>
        <line num="120" type="stmt" count="3"/>
        <line num="121" type="stmt" count="3"/>
        <line num="130" type="method" name="handleResponse" visibility="protected" complexity="1" crap="1" count="2"/>
        <line num="132" type="stmt" count="2"/>
        <line num="133" type="stmt" count="2"/>
        <line num="134" type="stmt" count="2"/>
        <line num="143" type="method" name="getUrl" visibility="protected" complexity="1" crap="1" count="2"/>
        <line num="145" type="stmt" count="2"/>
        <line num="146" type="stmt" count="2"/>
        <metrics loc="148" ncloc="83" classes="1" methods="8" coveredmethods="8" conditionals="0" coveredconditionals="0" statements="30" coveredstatements="30" elements="38" coveredelements="38"/>
      </file>
      <file name="/home/lsv/Projects/altapay-php-api/src/Api/Payments/RefundCapturedReservation.php">
        <class name="RefundCapturedReservation" namespace="Altapay\Api\Payments">
          <metrics complexity="9" methods="6" coveredmethods="5" conditionals="0" coveredconditionals="0" statements="25" coveredstatements="22" elements="31" coveredelements="27"/>
        </class>
        <line num="57" type="method" name="setReconciliationIdentifier" visibility="public" complexity="1" crap="1" count="2"/>
        <line num="59" type="stmt" count="1"/>
        <line num="60" type="stmt" count="2"/>
        <line num="70" type="method" name="setInvoiceNumber" visibility="public" complexity="1" crap="1" count="1"/>
        <line num="72" type="stmt" count="1"/>
        <line num="73" type="stmt" count="1"/>
        <line num="83" type="method" name="setAllowOverRefund" visibility="public" complexity="1" crap="1" count="1"/>
        <line num="85" type="stmt" count="1"/>
        <line num="86" type="stmt" count="1"/>
        <line num="95" type="method" name="configureOptions" visibility="protected" complexity="1" crap="1" count="7"/>
        <line num="97" type="stmt" count="7"/>
        <line num="98" type="stmt" count="7"/>
        <line num="99" type="stmt" count="7"/>
        <line num="100" type="stmt" count="7"/>
        <line num="102" type="stmt" count="7"/>
        <line num="103" type="stmt" count="7"/>
        <line num="104" type="stmt" count="7"/>
        <line num="105" type="stmt" count="7"/>
        <line num="106" type="stmt" count="7"/>
        <line num="116" type="method" name="handleResponse" visibility="protected" complexity="4" crap="4.84" count="6"/>
        <line num="118" type="stmt" count="6"/>
        <line num="119" type="stmt" count="6"/>
        <line num="120" type="stmt" count="6"/>
        <line num="121" type="stmt" count="0"/>
        <line num="124" type="stmt" count="6"/>
        <line num="125" type="stmt" count="6"/>
        <line num="126" type="stmt" count="0"/>
        <line num="127" type="stmt" count="0"/>
        <line num="137" type="method" name="getUrl" visibility="protected" complexity="1" crap="1" count="7"/>
        <line num="139" type="stmt" count="7"/>
        <line num="140" type="stmt" count="7"/>
        <metrics loc="142" ncloc="71" classes="1" methods="6" coveredmethods="5" conditionals="0" coveredconditionals="0" statements="25" coveredstatements="22" elements="31" coveredelements="27"/>
      </file>
      <file name="/home/lsv/Projects/altapay-php-api/src/Api/Payments/ReleaseReservation.php">
        <class name="ReleaseReservation" namespace="Altapay\Api\Payments">
          <metrics complexity="3" methods="3" coveredmethods="3" conditionals="0" coveredconditionals="0" statements="7" coveredstatements="7" elements="10" coveredelements="10"/>
        </class>
        <line num="53" type="method" name="configureOptions" visibility="protected" complexity="1" crap="1" count="4"/>
        <line num="55" type="stmt" count="4"/>
        <line num="56" type="stmt" count="4"/>
        <line num="65" type="method" name="handleResponse" visibility="protected" complexity="1" crap="1" count="3"/>
        <line num="67" type="stmt" count="3"/>
        <line num="68" type="stmt" count="3"/>
        <line num="69" type="stmt" count="3"/>
        <line num="78" type="method" name="getUrl" visibility="protected" complexity="1" crap="1" count="4"/>
        <line num="80" type="stmt" count="4"/>
        <line num="81" type="stmt" count="4"/>
        <metrics loc="83" ncloc="35" classes="1" methods="3" coveredmethods="3" conditionals="0" coveredconditionals="0" statements="7" coveredstatements="7" elements="10" coveredelements="10"/>
      </file>
      <file name="/home/lsv/Projects/altapay-php-api/src/Api/Payments/ReservationOfFixedAmount.php">
        <class name="ReservationOfFixedAmount" namespace="Altapay\Api\Payments">
          <metrics complexity="18" methods="12" coveredmethods="12" conditionals="0" coveredconditionals="0" statements="58" coveredstatements="58" elements="70" coveredelements="70"/>
        </class>
        <line num="56" type="method" name="setShopOrderId" visibility="public" complexity="1" crap="1" count="20"/>
        <line num="58" type="stmt" count="20"/>
        <line num="59" type="stmt" count="20"/>
        <line num="68" type="method" name="setCard" visibility="public" complexity="1" crap="1" count="3"/>
        <line num="70" type="stmt" count="3"/>
        <line num="71" type="stmt" count="3"/>
        <line num="72" type="stmt" count="3"/>
        <line num="73" type="stmt" count="3"/>
        <line num="74" type="stmt" count="3"/>
        <line num="84" type="method" name="setCreditCardToken" visibility="public" complexity="2" crap="2" count="3"/>
        <line num="86" type="stmt" count="3"/>
        <line num="87" type="stmt" count="3"/>
        <line num="88" type="stmt" count="1"/>
        <line num="89" type="stmt" count="1"/>
        <line num="91" type="stmt" count="3"/>
        <line num="100" type="method" name="setType" visibility="public" complexity="1" crap="1" count="1"/>
        <line num="102" type="stmt" count="1"/>
        <line num="103" type="stmt" count="1"/>
        <line num="112" type="method" name="setPaymentSource" visibility="public" complexity="1" crap="1" count="1"/>
        <line num="114" type="stmt" count="1"/>
        <line num="115" type="stmt" count="1"/>
        <line num="124" type="method" name="setFraudService" visibility="public" complexity="1" crap="1" count="1"/>
        <line num="126" type="stmt" count="1"/>
        <line num="127" type="stmt" count="1"/>
        <line num="136" type="method" name="setSurcharge" visibility="public" complexity="1" crap="1" count="5"/>
        <line num="138" type="stmt" count="5"/>
        <line num="139" type="stmt" count="5"/>
        <line num="148" type="method" name="setShippingMethod" visibility="public" complexity="1" crap="1" count="1"/>
        <line num="150" type="stmt" count="1"/>
        <line num="151" type="stmt" count="1"/>
        <line num="160" type="method" name="configureOptions" visibility="protected" complexity="4" crap="4" count="21"/>
        <line num="162" type="stmt" count="21"/>
        <line num="163" type="stmt" count="21"/>
        <line num="164" type="stmt" count="21"/>
        <line num="165" type="stmt" count="21"/>
        <line num="166" type="stmt" count="21"/>
        <line num="167" type="stmt" count="21"/>
        <line num="168" type="stmt" count="21"/>
        <line num="169" type="stmt" count="21"/>
        <line num="171" type="stmt" count="21"/>
        <line num="172" type="stmt" count="21"/>
        <line num="173" type="stmt" count="21"/>
        <line num="174" type="stmt" count="21"/>
        <line num="175" type="stmt" count="21"/>
        <line num="176" type="stmt" count="21"/>
        <line num="177" type="stmt" count="21"/>
        <line num="178" type="stmt" count="21"/>
        <line num="181" type="stmt" count="2"/>
        <line num="182" type="stmt" count="1"/>
        <line num="183" type="stmt" count="1"/>
        <line num="184" type="stmt" count="1"/>
        <line num="186" type="stmt" count="1"/>
        <line num="187" type="stmt" count="21"/>
        <line num="189" type="method" name="anonymous function" complexity="3" crap="3" count="21"/>
        <line num="190" type="stmt" count="2"/>
        <line num="191" type="stmt" count="2"/>
        <line num="192" type="stmt" count="2"/>
        <line num="193" type="stmt" count="1"/>
        <line num="194" type="stmt" count="1"/>
        <line num="195" type="stmt" count="1"/>
        <line num="197" type="stmt" count="1"/>
        <line num="198" type="stmt" count="1"/>
        <line num="199" type="stmt" count="21"/>
        <line num="200" type="stmt" count="21"/>
        <line num="209" type="method" name="handleResponse" visibility="protected" complexity="1" crap="1" count="13"/>
        <line num="211" type="stmt" count="13"/>
        <line num="212" type="stmt" count="13"/>
        <line num="213" type="stmt" count="13"/>
        <line num="222" type="method" name="getUrl" visibility="protected" complexity="1" crap="1" count="13"/>
        <line num="224" type="stmt" count="13"/>
        <line num="225" type="stmt" count="13"/>
        <metrics loc="227" ncloc="135" classes="1" methods="12" coveredmethods="12" conditionals="0" coveredconditionals="0" statements="59" coveredstatements="59" elements="71" coveredelements="71"/>
      </file>
    </package>
    <package name="Altapay\Api\Subscription">
      <file name="/home/lsv/Projects/altapay-php-api/src/Api/Subscription/ChargeSubscription.php">
        <class name="ChargeSubscription" namespace="Altapay\Api\Subscription">
          <metrics complexity="4" methods="4" coveredmethods="4" conditionals="0" coveredconditionals="0" statements="11" coveredstatements="11" elements="15" coveredelements="15"/>
        </class>
        <line num="49" type="method" name="setReconciliationIdentifier" visibility="public" complexity="1" crap="1" count="1"/>
        <line num="51" type="stmt" count="1"/>
        <line num="52" type="stmt" count="1"/>
        <line num="61" type="method" name="configureOptions" visibility="protected" complexity="1" crap="1" count="4"/>
        <line num="63" type="stmt" count="4"/>
        <line num="64" type="stmt" count="4"/>
        <line num="65" type="stmt" count="4"/>
        <line num="66" type="stmt" count="4"/>
        <line num="75" type="method" name="handleResponse" visibility="protected" complexity="1" crap="1" count="3"/>
        <line num="77" type="stmt" count="3"/>
        <line num="78" type="stmt" count="3"/>
        <line num="79" type="stmt" count="3"/>
        <line num="88" type="method" name="getUrl" visibility="protected" complexity="1" crap="1" count="4"/>
        <line num="90" type="stmt" count="4"/>
        <line num="91" type="stmt" count="4"/>
        <metrics loc="93" ncloc="44" classes="1" methods="4" coveredmethods="4" conditionals="0" coveredconditionals="0" statements="11" coveredstatements="11" elements="15" coveredelements="15"/>
      </file>
      <file name="/home/lsv/Projects/altapay-php-api/src/Api/Subscription/ReserveSubscriptionCharge.php">
        <class name="ReserveSubscriptionCharge" namespace="Altapay\Api\Subscription">
          <metrics complexity="3" methods="3" coveredmethods="3" conditionals="0" coveredconditionals="0" statements="9" coveredstatements="9" elements="12" coveredelements="12"/>
        </class>
        <line num="50" type="method" name="configureOptions" visibility="protected" complexity="1" crap="1" count="4"/>
        <line num="52" type="stmt" count="4"/>
        <line num="53" type="stmt" count="4"/>
        <line num="54" type="stmt" count="4"/>
        <line num="55" type="stmt" count="4"/>
        <line num="64" type="method" name="handleResponse" visibility="protected" complexity="1" crap="1" count="3"/>
        <line num="66" type="stmt" count="3"/>
        <line num="67" type="stmt" count="3"/>
        <line num="68" type="stmt" count="3"/>
        <line num="77" type="method" name="getUrl" visibility="protected" complexity="1" crap="1" count="4"/>
        <line num="79" type="stmt" count="4"/>
        <line num="80" type="stmt" count="4"/>
        <metrics loc="82" ncloc="38" classes="1" methods="3" coveredmethods="3" conditionals="0" coveredconditionals="0" statements="9" coveredstatements="9" elements="12" coveredelements="12"/>
      </file>
      <file name="/home/lsv/Projects/altapay-php-api/src/Api/Subscription/SetupSubscription.php">
        <class name="SetupSubscription" namespace="Altapay\Api\Subscription">
          <metrics complexity="4" methods="4" coveredmethods="4" conditionals="0" coveredconditionals="0" statements="9" coveredstatements="9" elements="13" coveredelements="13"/>
        </class>
        <line num="46" type="method" name="setType" visibility="public" complexity="1" crap="1" count="1"/>
        <line num="48" type="stmt" count="1"/>
        <line num="57" type="method" name="configureOptions" visibility="protected" complexity="1" crap="1" count="3"/>
        <line num="59" type="stmt" count="3"/>
        <line num="60" type="stmt" count="3"/>
        <line num="61" type="stmt" count="3"/>
        <line num="70" type="method" name="handleResponse" visibility="protected" complexity="1" crap="1" count="3"/>
        <line num="72" type="stmt" count="3"/>
        <line num="73" type="stmt" count="3"/>
        <line num="74" type="stmt" count="3"/>
        <line num="83" type="method" name="getUrl" visibility="protected" complexity="1" crap="1" count="3"/>
        <line num="85" type="stmt" count="3"/>
        <line num="86" type="stmt" count="3"/>
        <metrics loc="88" ncloc="38" classes="1" methods="4" coveredmethods="4" conditionals="0" coveredconditionals="0" statements="9" coveredstatements="9" elements="13" coveredelements="13"/>
      </file>
    </package>
    <package name="Altapay\Api\Test">
      <file name="/home/lsv/Projects/altapay-php-api/src/Api/Test/TestAuthentication.php">
        <class name="TestAuthentication" namespace="Altapay\Api\Test">
          <metrics complexity="4" methods="4" coveredmethods="4" conditionals="0" coveredconditionals="0" statements="4" coveredstatements="4" elements="8" coveredelements="8"/>
        </class>
        <line num="45" type="method" name="configureOptions" visibility="protected" complexity="1" crap="1" count="2"/>
        <line num="47" type="stmt" count="2"/>
        <line num="55" type="method" name="getUrl" visibility="protected" complexity="1" crap="1" count="2"/>
        <line num="57" type="stmt" count="2"/>
        <line num="67" type="method" name="handleResponse" visibility="protected" complexity="1" crap="1" count="1"/>
        <line num="69" type="stmt" count="1"/>
        <line num="78" type="method" name="handleExceptionResponse" visibility="protected" complexity="1" crap="1" count="1"/>
        <line num="80" type="stmt" count="1"/>
        <metrics loc="82" ncloc="32" classes="1" methods="4" coveredmethods="4" conditionals="0" coveredconditionals="0" statements="4" coveredstatements="4" elements="8" coveredelements="8"/>
      </file>
      <file name="/home/lsv/Projects/altapay-php-api/src/Api/Test/TestConnection.php">
        <class name="TestConnection" namespace="Altapay\Api\Test">
          <metrics complexity="6" methods="6" coveredmethods="6" conditionals="0" coveredconditionals="0" statements="9" coveredstatements="9" elements="15" coveredelements="15"/>
        </class>
        <line num="43" type="method" name="__construct" visibility="public" complexity="1" crap="1" count="4"/>
        <line num="45" type="stmt" count="4"/>
        <line num="46" type="stmt" count="4"/>
        <line num="47" type="stmt" count="4"/>
        <line num="48" type="stmt" count="4"/>
        <line num="55" type="method" name="authRequired" visibility="protected" complexity="1" crap="1" count="3"/>
        <line num="57" type="stmt" count="3"/>
        <line num="66" type="method" name="configureOptions" visibility="protected" complexity="1" crap="1" count="3"/>
        <line num="68" type="stmt" count="3"/>
        <line num="76" type="method" name="getUrl" visibility="protected" complexity="1" crap="1" count="3"/>
        <line num="78" type="stmt" count="3"/>
        <line num="88" type="method" name="handleResponse" visibility="protected" complexity="1" crap="1" count="2"/>
        <line num="90" type="stmt" count="2"/>
        <line num="99" type="method" name="handleExceptionResponse" visibility="protected" complexity="1" crap="1" count="1"/>
        <line num="101" type="stmt" count="1"/>
        <metrics loc="103" ncloc="45" classes="1" methods="6" coveredmethods="6" conditionals="0" coveredconditionals="0" statements="9" coveredstatements="9" elements="15" coveredelements="15"/>
      </file>
    </package>
    <package name="Altapay\Exceptions">
      <file name="/home/lsv/Projects/altapay-php-api/src/Exceptions/AuthenticationRequiredException.php">
        <class name="AuthenticationRequiredException" namespace="Altapay\Exceptions">
          <metrics complexity="0" methods="0" coveredmethods="0" conditionals="0" coveredconditionals="0" statements="0" coveredstatements="0" elements="0" coveredelements="0"/>
        </class>
        <metrics loc="28" ncloc="7" classes="0" methods="0" coveredmethods="0" conditionals="0" coveredconditionals="0" statements="0" coveredstatements="0" elements="0" coveredelements="0"/>
      </file>
      <file name="/home/lsv/Projects/altapay-php-api/src/Exceptions/ClassDoesNotExistsException.php">
        <class name="ClassDoesNotExistsException" namespace="Altapay\Exceptions">
          <metrics complexity="2" methods="2" coveredmethods="2" conditionals="0" coveredconditionals="0" statements="3" coveredstatements="3" elements="5" coveredelements="5"/>
        </class>
        <line num="31" type="method" name="__construct" visibility="public" complexity="1" crap="1" count="2"/>
        <line num="33" type="stmt" count="2"/>
        <line num="34" type="stmt" count="2"/>
        <line num="39" type="method" name="getClass" visibility="public" complexity="1" crap="1" count="1"/>
        <line num="41" type="stmt" count="1"/>
        <metrics loc="43" ncloc="19" classes="1" methods="2" coveredmethods="2" conditionals="0" coveredconditionals="0" statements="3" coveredstatements="3" elements="5" coveredelements="5"/>
      </file>
      <file name="/home/lsv/Projects/altapay-php-api/src/Exceptions/ClientException.php">
        <class name="ClientException" namespace="Altapay\Exceptions">
          <metrics complexity="0" methods="0" coveredmethods="0" conditionals="0" coveredconditionals="0" statements="0" coveredstatements="0" elements="0" coveredelements="0"/>
        </class>
        <metrics loc="30" ncloc="9" classes="0" methods="0" coveredmethods="0" conditionals="0" coveredconditionals="0" statements="0" coveredstatements="0" elements="0" coveredelements="0"/>
      </file>
      <file name="/home/lsv/Projects/altapay-php-api/src/Exceptions/CreditCardTokenAndCardUsedException.php">
        <class name="CreditCardTokenAndCardUsedException" namespace="Altapay\Exceptions">
          <metrics complexity="0" methods="0" coveredmethods="0" conditionals="0" coveredconditionals="0" statements="0" coveredstatements="0" elements="0" coveredelements="0"/>
        </class>
        <metrics loc="28" ncloc="7" classes="0" methods="0" coveredmethods="0" conditionals="0" coveredconditionals="0" statements="0" coveredstatements="0" elements="0" coveredelements="0"/>
      </file>
      <file name="/home/lsv/Projects/altapay-php-api/src/Exceptions/Exception.php">
        <class name="Exception" namespace="Altapay\Exceptions">
          <metrics complexity="0" methods="0" coveredmethods="0" conditionals="0" coveredconditionals="0" statements="0" coveredstatements="0" elements="0" coveredelements="0"/>
        </class>
        <metrics loc="28" ncloc="7" classes="0" methods="0" coveredmethods="0" conditionals="0" coveredconditionals="0" statements="0" coveredstatements="0" elements="0" coveredelements="0"/>
      </file>
      <file name="/home/lsv/Projects/altapay-php-api/src/Exceptions/ResponseHeaderException.php">
        <class name="ResponseHeaderException" namespace="Altapay\Exceptions">
          <metrics complexity="2" methods="2" coveredmethods="2" conditionals="0" coveredconditionals="0" statements="4" coveredstatements="4" elements="6" coveredelements="6"/>
        </class>
        <line num="36" type="method" name="__construct" visibility="public" complexity="1" crap="1" count="2"/>
        <line num="38" type="stmt" count="2"/>
        <line num="39" type="stmt" count="2"/>
        <line num="40" type="stmt" count="2"/>
        <line num="45" type="method" name="getHeader" visibility="public" complexity="1" crap="1" count="1"/>
        <line num="47" type="stmt" count="1"/>
        <metrics loc="49" ncloc="22" classes="1" methods="2" coveredmethods="2" conditionals="0" coveredconditionals="0" statements="4" coveredstatements="4" elements="6" coveredelements="6"/>
      </file>
      <file name="/home/lsv/Projects/altapay-php-api/src/Exceptions/ResponseMessageException.php">
        <class name="ResponseMessageException" namespace="Altapay\Exceptions">
          <metrics complexity="1" methods="1" coveredmethods="1" conditionals="0" coveredconditionals="0" statements="2" coveredstatements="2" elements="3" coveredelements="3"/>
        </class>
        <line num="29" type="method" name="__construct" visibility="public" complexity="1" crap="1" count="1"/>
        <line num="31" type="stmt" count="1"/>
        <line num="32" type="stmt" count="1"/>
        <metrics loc="33" ncloc="12" classes="1" methods="1" coveredmethods="1" conditionals="0" coveredconditionals="0" statements="2" coveredstatements="2" elements="3" coveredelements="3"/>
      </file>
    </package>
    <package name="Altapay\Request">
      <file name="/home/lsv/Projects/altapay-php-api/src/Request/AbstractSerializer.php">
        <class name="AbstractSerializer" namespace="Altapay\Request">
          <metrics complexity="4" methods="1" coveredmethods="1" conditionals="0" coveredconditionals="0" statements="6" coveredstatements="6" elements="7" coveredelements="7"/>
        </class>
        <line num="46" type="method" name="get" visibility="protected" complexity="3" crap="3" count="11"/>
        <line num="48" type="stmt" count="11"/>
        <line num="49" type="stmt" count="11"/>
        <line num="50" type="stmt" count="9"/>
        <line num="53" type="stmt" count="11"/>
        <line num="54" type="stmt" count="10"/>
        <line num="57" type="stmt" count="1"/>
        <metrics loc="59" ncloc="23" classes="1" methods="1" coveredmethods="1" conditionals="0" coveredconditionals="0" statements="6" coveredstatements="6" elements="7" coveredelements="7"/>
      </file>
      <file name="/home/lsv/Projects/altapay-php-api/src/Request/Address.php">
        <class name="Address" namespace="Altapay\Request">
          <metrics complexity="0" methods="0" coveredmethods="0" conditionals="0" coveredconditionals="0" statements="0" coveredstatements="0" elements="0" coveredelements="0"/>
        </class>
        <metrics loc="30" ncloc="9" classes="0" methods="0" coveredmethods="0" conditionals="0" coveredconditionals="0" statements="0" coveredstatements="0" elements="0" coveredelements="0"/>
      </file>
      <file name="/home/lsv/Projects/altapay-php-api/src/Request/Card.php">
        <class name="Card" namespace="Altapay\Request">
          <metrics complexity="5" methods="5" coveredmethods="5" conditionals="0" coveredconditionals="0" statements="9" coveredstatements="9" elements="14" coveredelements="14"/>
        </class>
        <line num="67" type="method" name="__construct" visibility="public" complexity="1" crap="1" count="6"/>
        <line num="69" type="stmt" count="6"/>
        <line num="70" type="stmt" count="6"/>
        <line num="71" type="stmt" count="6"/>
        <line num="72" type="stmt" count="6"/>
        <line num="73" type="stmt" count="6"/>
        <line num="80" type="method" name="getCardNumber" visibility="public" complexity="1" crap="1" count="6"/>
        <line num="82" type="stmt" count="6"/>
        <line num="90" type="method" name="getExpiryMonth" visibility="public" complexity="1" crap="1" count="6"/>
        <line num="92" type="stmt" count="6"/>
        <line num="100" type="method" name="getExpiryYear" visibility="public" complexity="1" crap="1" count="6"/>
        <line num="102" type="stmt" count="6"/>
        <line num="110" type="method" name="getCvc" visibility="public" complexity="1" crap="1" count="6"/>
        <line num="112" type="stmt" count="6"/>
        <metrics loc="114" ncloc="43" classes="1" methods="5" coveredmethods="5" conditionals="0" coveredconditionals="0" statements="9" coveredstatements="9" elements="14" coveredelements="14"/>
      </file>
      <file name="/home/lsv/Projects/altapay-php-api/src/Request/Config.php">
        <class name="Config" namespace="Altapay\Request">
          <metrics complexity="8" methods="8" coveredmethods="8" conditionals="0" coveredconditionals="0" statements="22" coveredstatements="22" elements="30" coveredelements="30"/>
        </class>
        <line num="47" type="method" name="setCallbackForm" visibility="public" complexity="1" crap="1" count="1"/>
        <line num="49" type="stmt" count="1"/>
        <line num="50" type="stmt" count="1"/>
        <line num="57" type="method" name="setCallbackOk" visibility="public" complexity="1" crap="1" count="1"/>
        <line num="59" type="stmt" count="1"/>
        <line num="60" type="stmt" count="1"/>
        <line num="67" type="method" name="setCallbackFail" visibility="public" complexity="1" crap="1" count="1"/>
        <line num="69" type="stmt" count="1"/>
        <line num="70" type="stmt" count="1"/>
        <line num="77" type="method" name="setCallbackRedirect" visibility="public" complexity="1" crap="1" count="1"/>
        <line num="79" type="stmt" count="1"/>
        <line num="80" type="stmt" count="1"/>
        <line num="87" type="method" name="setCallbackOpen" visibility="public" complexity="1" crap="1" count="1"/>
        <line num="89" type="stmt" count="1"/>
        <line num="90" type="stmt" count="1"/>
        <line num="97" type="method" name="setCallbackNotification" visibility="public" complexity="1" crap="1" count="1"/>
        <line num="99" type="stmt" count="1"/>
        <line num="100" type="stmt" count="1"/>
        <line num="107" type="method" name="setCallbackVerifyOrder" visibility="public" complexity="1" crap="1" count="1"/>
        <line num="109" type="stmt" count="1"/>
        <line num="110" type="stmt" count="1"/>
        <line num="118" type="method" name="serialize" visibility="public" complexity="1" crap="1" count="1"/>
        <line num="121" type="stmt" count="1"/>
        <line num="122" type="stmt" count="1"/>
        <line num="123" type="stmt" count="1"/>
        <line num="124" type="stmt" count="1"/>
        <line num="125" type="stmt" count="1"/>
        <line num="126" type="stmt" count="1"/>
        <line num="127" type="stmt" count="1"/>
        <line num="128" type="stmt" count="1"/>
        <metrics loc="130" ncloc="76" classes="1" methods="8" coveredmethods="8" conditionals="0" coveredconditionals="0" statements="22" coveredstatements="22" elements="30" coveredelements="30"/>
      </file>
      <file name="/home/lsv/Projects/altapay-php-api/src/Request/Customer.php">
        <class name="Customer" namespace="Altapay\Request">
          <metrics complexity="30" methods="15" coveredmethods="15" conditionals="0" coveredconditionals="0" statements="78" coveredstatements="78" elements="93" coveredelements="93"/>
        </class>
        <line num="124" type="method" name="__construct" visibility="public" complexity="1" crap="1" count="5"/>
        <line num="126" type="stmt" count="5"/>
        <line num="127" type="stmt" count="5"/>
        <line num="133" type="method" name="setShipping" visibility="public" complexity="1" crap="1" count="4"/>
        <line num="135" type="stmt" count="4"/>
        <line num="136" type="stmt" count="4"/>
        <line num="145" type="method" name="setEmail" visibility="public" complexity="1" crap="1" count="1"/>
        <line num="147" type="stmt" count="1"/>
        <line num="149" type="stmt" count="1"/>
        <line num="158" type="method" name="setUsername" visibility="public" complexity="1" crap="1" count="1"/>
        <line num="160" type="stmt" count="1"/>
        <line num="162" type="stmt" count="1"/>
        <line num="171" type="method" name="setPhone" visibility="public" complexity="1" crap="1" count="1"/>
        <line num="173" type="stmt" count="1"/>
        <line num="175" type="stmt" count="1"/>
        <line num="184" type="method" name="setBankName" visibility="public" complexity="1" crap="1" count="1"/>
        <line num="186" type="stmt" count="1"/>
        <line num="188" type="stmt" count="1"/>
        <line num="197" type="method" name="setBankPhone" visibility="public" complexity="1" crap="1" count="1"/>
        <line num="199" type="stmt" count="1"/>
        <line num="201" type="stmt" count="1"/>
        <line num="210" type="method" name="setBirthdate" visibility="public" complexity="1" crap="1" count="1"/>
        <line num="212" type="stmt" count="1"/>
        <line num="214" type="stmt" count="1"/>
        <line num="223" type="method" name="setCreatedDate" visibility="public" complexity="1" crap="1" count="2"/>
        <line num="225" type="stmt" count="2"/>
        <line num="227" type="stmt" count="2"/>
        <line num="233" type="method" name="getCreatedDate" visibility="public" complexity="1" crap="1" count="3"/>
        <line num="235" type="stmt" count="3"/>
        <line num="242" type="method" name="setOrganisationNumber" visibility="public" complexity="1" crap="1" count="1"/>
        <line num="244" type="stmt" count="1"/>
        <line num="245" type="stmt" count="1"/>
        <line num="252" type="method" name="setPersonalIdentifyNumber" visibility="public" complexity="1" crap="1" count="1"/>
        <line num="254" type="stmt" count="1"/>
        <line num="255" type="stmt" count="1"/>
        <line num="265" type="method" name="setGender" visibility="public" complexity="5" crap="5" count="2"/>
        <line num="267" type="stmt" count="2"/>
        <line num="268" type="stmt" count="2"/>
        <line num="269" type="stmt" count="2"/>
        <line num="270" type="stmt" count="1"/>
        <line num="271" type="stmt" count="1"/>
        <line num="272" type="stmt" count="2"/>
        <line num="273" type="stmt" count="2"/>
        <line num="274" type="stmt" count="1"/>
        <line num="275" type="stmt" count="1"/>
        <line num="276" type="stmt" count="1"/>
        <line num="278" type="stmt" count="1"/>
        <line num="287" type="method" name="serialize" visibility="public" complexity="10" crap="10" count="4"/>
        <line num="289" type="stmt" count="4"/>
        <line num="291" type="stmt" count="4"/>
        <line num="292" type="stmt" count="1"/>
        <line num="293" type="stmt" count="1"/>
        <line num="295" type="stmt" count="4"/>
        <line num="296" type="stmt" count="1"/>
        <line num="297" type="stmt" count="1"/>
        <line num="299" type="stmt" count="4"/>
        <line num="300" type="stmt" count="1"/>
        <line num="301" type="stmt" count="1"/>
        <line num="303" type="stmt" count="4"/>
        <line num="304" type="stmt" count="1"/>
        <line num="305" type="stmt" count="1"/>
        <line num="307" type="stmt" count="4"/>
        <line num="308" type="stmt" count="1"/>
        <line num="309" type="stmt" count="1"/>
        <line num="311" type="stmt" count="4"/>
        <line num="312" type="stmt" count="1"/>
        <line num="313" type="stmt" count="1"/>
        <line num="315" type="stmt" count="4"/>
        <line num="316" type="stmt" count="1"/>
        <line num="317" type="stmt" count="1"/>
        <line num="319" type="stmt" count="4"/>
        <line num="320" type="stmt" count="1"/>
        <line num="321" type="stmt" count="1"/>
        <line num="323" type="stmt" count="4"/>
        <line num="324" type="stmt" count="1"/>
        <line num="325" type="stmt" count="1"/>
        <line num="327" type="stmt" count="4"/>
        <line num="328" type="stmt" count="4"/>
        <line num="330" type="stmt" count="4"/>
        <line num="333" type="method" name="setAddress" visibility="private" complexity="3" crap="3" count="4"/>
        <line num="336" type="stmt" count="4"/>
        <line num="337" type="stmt" count="4"/>
        <line num="338" type="stmt" count="4"/>
        <line num="339" type="stmt" count="4"/>
        <line num="340" type="stmt" count="4"/>
        <line num="341" type="stmt" count="4"/>
        <line num="343" type="stmt" count="4"/>
        <line num="345" type="stmt" count="4"/>
        <line num="346" type="stmt" count="4"/>
        <line num="347" type="stmt" count="3"/>
        <line num="348" type="stmt" count="3"/>
        <line num="349" type="stmt" count="4"/>
        <line num="350" type="stmt" count="4"/>
        <metrics loc="351" ncloc="195" classes="1" methods="15" coveredmethods="15" conditionals="0" coveredconditionals="0" statements="78" coveredstatements="78" elements="93" coveredelements="93"/>
      </file>
      <file name="/home/lsv/Projects/altapay-php-api/src/Request/Giftcard.php">
        <class name="Giftcard" namespace="Altapay\Request">
          <metrics complexity="4" methods="4" coveredmethods="4" conditionals="0" coveredconditionals="0" statements="7" coveredstatements="7" elements="11" coveredelements="11"/>
        </class>
        <line num="55" type="method" name="__construct" visibility="public" complexity="1" crap="1" count="2"/>
        <line num="57" type="stmt" count="2"/>
        <line num="58" type="stmt" count="2"/>
        <line num="59" type="stmt" count="2"/>
        <line num="60" type="stmt" count="2"/>
        <line num="67" type="method" name="getAccount" visibility="public" complexity="1" crap="1" count="2"/>
        <line num="69" type="stmt" count="2"/>
        <line num="77" type="method" name="getProvider" visibility="public" complexity="1" crap="1" count="2"/>
        <line num="79" type="stmt" count="2"/>
        <line num="87" type="method" name="getToken" visibility="public" complexity="1" crap="1" count="2"/>
        <line num="89" type="stmt" count="2"/>
        <metrics loc="91" ncloc="34" classes="1" methods="4" coveredmethods="4" conditionals="0" coveredconditionals="0" statements="7" coveredstatements="7" elements="11" coveredelements="11"/>
      </file>
      <file name="/home/lsv/Projects/altapay-php-api/src/Request/OrderLine.php">
        <class name="OrderLine" namespace="Altapay\Request">
          <metrics complexity="9" methods="4" coveredmethods="4" conditionals="0" coveredconditionals="0" statements="29" coveredstatements="29" elements="33" coveredelements="33"/>
        </class>
        <line num="110" type="method" name="__construct" visibility="public" complexity="1" crap="1" count="12"/>
        <line num="112" type="stmt" count="12"/>
        <line num="113" type="stmt" count="12"/>
        <line num="114" type="stmt" count="12"/>
        <line num="115" type="stmt" count="12"/>
        <line num="116" type="stmt" count="12"/>
        <line num="124" type="method" name="setGoodsType" visibility="public" complexity="2" crap="2" count="5"/>
        <line num="126" type="stmt" count="5"/>
        <line num="127" type="stmt" count="1"/>
        <line num="128" type="stmt" count="1"/>
        <line num="129" type="stmt" count="1"/>
        <line num="130" type="stmt" count="1"/>
        <line num="132" type="stmt" count="1"/>
        <line num="133" type="stmt" count="1"/>
        <line num="136" type="stmt" count="4"/>
        <line num="137" type="stmt" count="4"/>
        <line num="145" type="method" name="getGoodsType" visibility="public" complexity="1" crap="1" count="9"/>
        <line num="147" type="stmt" count="9"/>
        <line num="155" type="method" name="serialize" visibility="public" complexity="5" crap="5" count="10"/>
        <line num="158" type="stmt" count="10"/>
        <line num="159" type="stmt" count="10"/>
        <line num="160" type="stmt" count="10"/>
        <line num="161" type="stmt" count="10"/>
        <line num="162" type="stmt" count="10"/>
        <line num="164" type="stmt" count="10"/>
        <line num="165" type="stmt" count="1"/>
        <line num="168" type="stmt" count="9"/>
        <line num="169" type="stmt" count="9"/>
        <line num="170" type="stmt" count="9"/>
        <line num="171" type="stmt" count="7"/>
        <line num="172" type="stmt" count="7"/>
        <line num="173" type="stmt" count="9"/>
        <line num="175" type="stmt" count="9"/>
        <metrics loc="177" ncloc="83" classes="1" methods="4" coveredmethods="4" conditionals="0" coveredconditionals="0" statements="29" coveredstatements="29" elements="33" coveredelements="33"/>
      </file>
    </package>
    <package name="Altapay\Response">
      <file name="/home/lsv/Projects/altapay-php-api/src/Response/AbstractResponse.php">
        <class name="AbstractResponse" namespace="Altapay\Response">
          <metrics complexity="19" methods="5" coveredmethods="5" conditionals="0" coveredconditionals="0" statements="55" coveredstatements="55" elements="60" coveredelements="60"/>
        </class>
        <line num="49" type="method" name="headerSetter" visibility="public" complexity="2" crap="2" count="79"/>
        <line num="51" type="stmt" count="79"/>
        <line num="52" type="stmt" count="68"/>
        <line num="53" type="stmt" count="68"/>
        <line num="54" type="stmt" count="79"/>
        <line num="62" type="method" name="deserialize" visibility="public" complexity="5" crap="5" count="79"/>
        <line num="64" type="stmt" count="79"/>
        <line num="66" type="stmt" count="79"/>
        <line num="67" type="stmt" count="79"/>
        <line num="70" type="stmt" count="79"/>
        <line num="71" type="stmt" count="79"/>
        <line num="75" type="stmt" count="79"/>
        <line num="76" type="stmt" count="79"/>
        <line num="77" type="stmt" count="68"/>
        <line num="78" type="stmt" count="68"/>
        <line num="79" type="stmt" count="67"/>
        <line num="80" type="stmt" count="79"/>
        <line num="81" type="stmt" count="79"/>
        <line num="84" type="stmt" count="79"/>
        <line num="85" type="stmt" count="79"/>
        <line num="86" type="stmt" count="79"/>
        <line num="88" type="stmt" count="79"/>
        <line num="97" type="method" name="attributeSetter" visibility="private" complexity="6" crap="6" count="79"/>
        <line num="99" type="stmt" count="79"/>
        <line num="101" type="stmt" count="79"/>
        <line num="102" type="stmt" count="56"/>
        <line num="103" type="stmt" count="56"/>
        <line num="104" type="stmt" count="1"/>
        <line num="105" type="stmt" count="1"/>
        <line num="106" type="stmt" count="1"/>
        <line num="107" type="stmt" count="1"/>
        <line num="108" type="stmt" count="1"/>
        <line num="109" type="stmt" count="1"/>
        <line num="110" type="stmt" count="1"/>
        <line num="111" type="stmt" count="1"/>
        <line num="113" type="stmt" count="55"/>
        <line num="114" type="stmt" count="79"/>
        <line num="115" type="stmt" count="79"/>
        <line num="116" type="stmt" count="79"/>
        <line num="125" type="method" name="elementSetter" visibility="private" complexity="2" crap="2" count="79"/>
        <line num="127" type="stmt" count="79"/>
        <line num="128" type="stmt" count="77"/>
        <line num="129" type="stmt" count="77"/>
        <line num="130" type="stmt" count="77"/>
        <line num="131" type="stmt" count="77"/>
        <line num="132" type="stmt" count="77"/>
        <line num="133" type="stmt" count="77"/>
        <line num="134" type="stmt" count="77"/>
        <line num="136" type="stmt" count="79"/>
        <line num="146" type="method" name="set" visibility="private" complexity="4" crap="4" count="79"/>
        <line num="148" type="stmt" count="79"/>
        <line num="149" type="stmt" count="79"/>
        <line num="150" type="stmt" count="79"/>
        <line num="151" type="stmt" count="79"/>
        <line num="152" type="stmt" count="79"/>
        <line num="155" type="stmt" count="79"/>
        <line num="156" type="stmt" count="79"/>
        <line num="157" type="stmt" count="79"/>
        <line num="159" type="stmt" count="77"/>
        <line num="161" type="stmt" count="77"/>
[...]
        <line num="187" type="stmt" count="55"/>
        <line num="188" type="stmt" count="55"/>
        <line num="195" type="method" name="setCapturedAmount" visibility="public" complexity="1" crap="1" count="55"/>
        <line num="197" type="stmt" count="55"/>
        <line num="198" type="stmt" count="55"/>
        <line num="205" type="method" name="setCreditedAmount" visibility="public" complexity="1" crap="1" count="3"/>
        <line num="207" type="stmt" count="3"/>
        <line num="208" type="stmt" count="3"/>
        <line num="215" type="method" name="setSurchargeAmount" visibility="public" complexity="1" crap="1" count="3"/>
        <line num="217" type="stmt" count="3"/>
        <line num="218" type="stmt" count="3"/>
        <line num="225" type="method" name="setRefundedAmount" visibility="public" complexity="1" crap="1" count="55"/>
        <line num="227" type="stmt" count="55"/>
        <line num="228" type="stmt" count="55"/>
        <line num="235" type="method" name="setRecurringDefaultAmount" visibility="public" complexity="1" crap="1" count="55"/>
        <line num="237" type="stmt" count="55"/>
        <line num="238" type="stmt" count="55"/>
        <line num="245" type="method" name="setFraudRiskScore" visibility="public" complexity="1" crap="1" count="32"/>
        <line num="247" type="stmt" count="32"/>
        <line num="248" type="stmt" count="32"/>
        <metrics loc="250" ncloc="148" classes="1" methods="9" coveredmethods="9" conditionals="0" coveredconditionals="0" statements="18" coveredstatements="18" elements="27" coveredelements="27"/>
      </file>
    </package>
    <package name="Altapay\Serializer">
      <file name="/home/lsv/Projects/altapay-php-api/src/Serializer/ResponseSerializer.php">
        <class name="ResponseSerializer" namespace="Altapay\Serializer">
          <metrics complexity="3" methods="1" coveredmethods="1" conditionals="0" coveredconditionals="0" statements="10" coveredstatements="10" elements="11" coveredelements="11"/>
        </class>
        <line num="43" type="method" name="serialize" visibility="public" complexity="3" crap="3" count="79"/>
        <line num="49" type="stmt" count="79"/>
        <line num="50" type="stmt" count="68"/>
        <line num="51" type="stmt" count="68"/>
        <line num="53" type="stmt" count="68"/>
        <line num="54" type="stmt" count="68"/>
        <line num="55" type="stmt" count="67"/>
        <line num="56" type="stmt" count="67"/>
        <line num="60" type="stmt" count="79"/>
        <line num="61" type="stmt" count="79"/>
        <line num="62" type="stmt" count="79"/>
        <metrics loc="64" ncloc="29" classes="1" methods="1" coveredmethods="1" conditionals="0" coveredconditionals="0" statements="10" coveredstatements="10" elements="11" coveredelements="11"/>
      </file>
    </package>
    <package name="Altapay\Traits">
      <file name="/home/lsv/Projects/altapay-php-api/src/Traits/AmountTrait.php">
        <class name="AmountTrait" namespace="Altapay\Traits">
          <metrics complexity="2" methods="2" coveredmethods="2" conditionals="0" coveredconditionals="0" statements="4" coveredstatements="4" elements="6" coveredelements="6"/>
        </class>
        <line num="37" type="method" name="setAmount" visibility="public" complexity="1" crap="1" count="45"/>
        <line num="39" type="stmt" count="45"/>
        <line num="40" type="stmt" count="45"/>
        <line num="48" type="method" name="setAmountResolver" visibility="protected" complexity="1" crap="1" count="66"/>
        <line num="50" type="stmt" count="66"/>
        <line num="51" type="stmt" count="66"/>
        <metrics loc="52" ncloc="20" classes="1" methods="2" coveredmethods="2" conditionals="0" coveredconditionals="0" statements="4" coveredstatements="4" elements="6" coveredelements="6"/>
      </file>
      <file name="/home/lsv/Projects/altapay-php-api/src/Traits/CsvToArrayTrait.php">
        <class name="CsvToArrayTrait" namespace="Altapay\Traits">
          <metrics complexity="5" methods="1" coveredmethods="1" conditionals="0" coveredconditionals="0" statements="12" coveredstatements="12" elements="13" coveredelements="13"/>
        </class>
        <line num="40" type="method" name="__toArray" visibility="public" complexity="5" crap="5" count="2"/>
        <line num="42" type="stmt" count="2"/>
        <line num="44" type="stmt" count="2"/>
        <line num="45" type="stmt" count="2"/>
        <line num="46" type="stmt" count="2"/>
        <line num="47" type="stmt" count="2"/>
        <line num="48" type="stmt" count="2"/>
        <line num="49" type="stmt" count="2"/>
        <line num="52" type="stmt" count="2"/>
        <line num="53" type="stmt" count="2"/>
        <line num="56" type="stmt" count="2"/>
        <line num="57" type="stmt" count="2"/>
        <line num="58" type="stmt" count="2"/>
        <metrics loc="60" ncloc="29" classes="1" methods="1" coveredmethods="1" conditionals="0" coveredconditionals="0" statements="12" coveredstatements="12" elements="13" coveredelements="13"/>
      </file>
      <file name="/home/lsv/Projects/altapay-php-api/src/Traits/CurrencyTrait.php">
        <class name="CurrencyTrait" namespace="Altapay\Traits">
          <metrics complexity="5" methods="3" coveredmethods="3" conditionals="0" coveredconditionals="0" statements="5" coveredstatements="5" elements="8" coveredelements="8"/>
        </class>
        <line num="38" type="method" name="setCurrency" visibility="public" complexity="1" crap="1" count="37"/>
        <line num="40" type="stmt" count="37"/>
        <line num="41" type="stmt" count="37"/>
        <line num="49" type="method" name="setCurrencyResolver" visibility="protected" complexity="2" crap="2" count="42"/>
        <line num="51" type="stmt" count="42"/>
        <line num="52" type="method" name="anonymous function" complexity="2" crap="2" count="42"/>
        <line num="53" type="stmt" count="35"/>
        <line num="54" type="stmt" count="42"/>
        <line num="55" type="stmt" count="42"/>
        <metrics loc="56" ncloc="24" classes="1" methods="3" coveredmethods="3" conditionals="0" coveredconditionals="0" statements="6" coveredstatements="6" elements="9" coveredelements="9"/>
      </file>
      <file name="/home/lsv/Projects/altapay-php-api/src/Traits/CustomerInfoTrait.php">
        <class name="CustomerInfoTrait" namespace="Altapay\Traits">
          <metrics complexity="4" methods="3" coveredmethods="3" conditionals="0" coveredconditionals="0" statements="8" coveredstatements="8" elements="11" coveredelements="11"/>
        </class>
        <line num="39" type="method" name="setCustomerInfo" visibility="public" complexity="2" crap="2" count="3"/>
        <line num="41" type="stmt" count="3"/>
        <line num="42" type="stmt" count="3"/>
        <line num="43" type="stmt" count="2"/>
        <line num="44" type="stmt" count="2"/>
        <line num="45" type="stmt" count="3"/>
        <line num="53" type="method" name="setCustomerInfoResolver" visibility="protected" complexity="1" crap="1" count="29"/>
        <line num="55" type="stmt" count="29"/>
        <line num="57" type="method" name="anonymous function" complexity="1" crap="1" count="29"/>
        <line num="58" type="stmt" count="3"/>
        <line num="59" type="stmt" count="29"/>
        <line num="60" type="stmt" count="29"/>
        <metrics loc="61" ncloc="28" classes="1" methods="3" coveredmethods="3" conditionals="0" coveredconditionals="0" statements="9" coveredstatements="9" elements="12" coveredelements="12"/>
      </file>
      <file name="/home/lsv/Projects/altapay-php-api/src/Traits/OrderlinesTrait.php">
        <class name="OrderlinesTrait" namespace="Altapay\Traits">
          <metrics complexity="9" methods="3" coveredmethods="3" conditionals="0" coveredconditionals="0" statements="22" coveredstatements="22" elements="25" coveredelements="25"/>
        </class>
        <line num="40" type="method" name="setOrderLines" visibility="public" complexity="5" crap="5" count="7"/>
        <line num="42" type="stmt" count="7"/>
        <line num="43" type="stmt" count="2"/>
        <line num="44" type="stmt" count="2"/>
        <line num="46" type="stmt" count="7"/>
        <line num="47" type="stmt" count="5"/>
        <line num="48" type="stmt" count="5"/>
        <line num="49" type="stmt" count="2"/>
        <line num="50" type="stmt" count="2"/>
        <line num="51" type="stmt" count="2"/>
        <line num="53" type="stmt" count="2"/>
        <line num="54" type="stmt" count="2"/>
        <line num="56" type="stmt" count="3"/>
        <line num="58" type="stmt" count="3"/>
        <line num="59" type="stmt" count="3"/>
        <line num="61" type="stmt" count="5"/>
        <line num="64" type="method" name="setOrderLinesResolver" visibility="protected" complexity="2" crap="2" count="22"/>
        <line num="66" type="stmt" count="22"/>
        <line num="68" type="method" name="anonymous function" complexity="2" crap="2" count="22"/>
        <line num="69" type="stmt" count="5"/>
        <line num="71" type="stmt" count="5"/>
        <line num="72" type="stmt" count="5"/>
        <line num="73" type="stmt" count="5"/>
        <line num="74" type="stmt" count="5"/>
        <line num="75" type="stmt" count="22"/>
        <line num="76" type="stmt" count="22"/>
        <metrics loc="77" ncloc="47" classes="1" methods="3" coveredmethods="3" conditionals="0" coveredconditionals="0" statements="23" coveredstatements="23" elements="26" coveredelements="26"/>
      </file>
      <file name="/home/lsv/Projects/altapay-php-api/src/Traits/ShopOrderIdTrait.php">
        <class name="ShopOrderIdTrait" namespace="Altapay\Traits">
          <metrics complexity="3" methods="3" coveredmethods="3" conditionals="0" coveredconditionals="0" statements="5" coveredstatements="5" elements="8" coveredelements="8"/>
        </class>
        <line num="38" type="method" name="setShopOrderId" visibility="public" complexity="1" crap="1" count="13"/>
        <line num="40" type="stmt" count="13"/>
        <line num="41" type="stmt" count="13"/>
        <line num="49" type="method" name="setShopOrderIdResolver" visibility="public" complexity="1" crap="1" count="47"/>
        <line num="51" type="stmt" count="47"/>
        <line num="52" type="method" name="anonymous function" complexity="1" crap="1" count="47"/>
        <line num="53" type="stmt" count="30"/>
        <line num="54" type="stmt" count="47"/>
        <line num="55" type="stmt" count="47"/>
        <metrics loc="56" ncloc="23" classes="1" methods="3" coveredmethods="3" conditionals="0" coveredconditionals="0" statements="6" coveredstatements="6" elements="9" coveredelements="9"/>
      </file>
      <file name="/home/lsv/Projects/altapay-php-api/src/Traits/TerminalTrait.php">
        <class name="TerminalTrait" namespace="Altapay\Traits">
          <metrics complexity="3" methods="2" coveredmethods="2" conditionals="0" coveredconditionals="0" statements="7" coveredstatements="7" elements="9" coveredelements="9"/>
        </class>
        <line num="38" type="method" name="setTerminal" visibility="public" complexity="2" crap="2" count="39"/>
        <line num="40" type="stmt" count="39"/>
        <line num="41" type="stmt" count="1"/>
        <line num="42" type="stmt" count="1"/>
        <line num="44" type="stmt" count="39"/>
        <line num="45" type="stmt" count="39"/>
        <line num="53" type="method" name="setTerminalResolver" visibility="public" complexity="1" crap="1" count="56"/>
        <line num="55" type="stmt" count="56"/>
        <line num="56" type="stmt" count="56"/>
        <metrics loc="57" ncloc="25" classes="1" methods="2" coveredmethods="2" conditionals="0" coveredconditionals="0" statements="7" coveredstatements="7" elements="9" coveredelements="9"/>
      </file>
      <file name="/home/lsv/Projects/altapay-php-api/src/Traits/TransactionInfoTrait.php">
        <class name="TransactionInfoTrait" namespace="Altapay\Traits">
          <metrics complexity="2" methods="2" coveredmethods="2" conditionals="0" coveredconditionals="0" statements="4" coveredstatements="4" elements="6" coveredelements="6"/>
        </class>
        <line num="38" type="method" name="setTransactionInfo" visibility="public" complexity="1" crap="1" count="1"/>
        <line num="40" type="stmt" count="1"/>
        <line num="41" type="stmt" count="1"/>
        <line num="49" type="method" name="setTransactionInfoResolver" visibility="public" complexity="1" crap="1" count="35"/>
        <line num="51" type="stmt" count="35"/>
        <line num="52" type="stmt" count="35"/>
        <metrics loc="53" ncloc="20" classes="1" methods="2" coveredmethods="2" conditionals="0" coveredconditionals="0" statements="4" coveredstatements="4" elements="6" coveredelements="6"/>
      </file>
      <file name="/home/lsv/Projects/altapay-php-api/src/Traits/TransactionsTrait.php">
        <class name="TransactionsTrait" namespace="Altapay\Traits">
          <metrics complexity="5" methods="3" coveredmethods="3" conditionals="0" coveredconditionals="0" statements="7" coveredstatements="7" elements="10" coveredelements="10"/>
        </class>
        <line num="42" type="method" name="setTransaction" visibility="public" complexity="1" crap="1" count="32"/>
        <line num="44" type="stmt" count="32"/>
        <line num="45" type="stmt" count="32"/>
        <line num="53" type="method" name="setTransactionResolver" visibility="protected" complexity="2" crap="2" count="40"/>
        <line num="55" type="stmt" count="40"/>
        <line num="57" type="method" name="anonymous function" complexity="2" crap="2" count="40"/>
        <line num="58" type="stmt" count="30"/>
        <line num="59" type="stmt" count="12"/>
        <line num="61" type="stmt" count="21"/>
        <line num="62" type="stmt" count="40"/>
        <line num="63" type="stmt" count="40"/>
        <metrics loc="64" ncloc="28" classes="1" methods="3" coveredmethods="3" conditionals="0" coveredconditionals="0" statements="8" coveredstatements="8" elements="11" coveredelements="11"/>
      </file>
    </package>
    <package name="Altapay\Types">
      <file name="/home/lsv/Projects/altapay-php-api/src/Types/CurrencyTypes.php">
        <class name="CurrencyTypes" namespace="Altapay\Types">
          <metrics complexity="2" methods="2" coveredmethods="2" conditionals="0" coveredconditionals="0" statements="2" coveredstatements="2" elements="4" coveredelements="4"/>
        </class>
        <line num="209" type="method" name="currencyCodeExists" visibility="public" complexity="1" crap="1" count="35"/>
        <line num="211" type="stmt" count="35"/>
        <line num="214" type="method" name="currencyNumberExists" visibility="public" complexity="1" crap="1" count="33"/>
        <line num="216" type="stmt" count="33"/>
        <metrics loc="218" ncloc="197" classes="1" methods="2" coveredmethods="2" conditionals="0" coveredconditionals="0" statements="2" coveredstatements="2" elements="4" coveredelements="4"/>
      </file>
      <file name="/home/lsv/Projects/altapay-php-api/src/Types/FraudServices.php">
        <class name="FraudServices" namespace="Altapay\Types">
          <metrics complexity="2" methods="2" coveredmethods="2" conditionals="0" coveredconditionals="0" statements="2" coveredstatements="2" elements="4" coveredelements="4"/>
        </class>
        <line num="49" type="method" name="getAllowed" visibility="public" complexity="1" crap="1" count="24"/>
        <line num="51" type="stmt" count="24"/>
        <line num="60" type="method" name="isAllowed" visibility="public" complexity="1" crap="1" count="1"/>
        <line num="62" type="stmt" count="1"/>
        <metrics loc="64" ncloc="24" classes="1" methods="2" coveredmethods="2" conditionals="0" coveredconditionals="0" statements="2" coveredstatements="2" elements="4" coveredelements="4"/>
      </file>
      <file name="/home/lsv/Projects/altapay-php-api/src/Types/LanguageTypes.php">
        <class name="LanguageTypes" namespace="Altapay\Types">
          <metrics complexity="2" methods="2" coveredmethods="2" conditionals="0" coveredconditionals="0" statements="2" coveredstatements="2" elements="4" coveredelements="4"/>
        </class>
        <line num="45" type="method" name="getAllowed" visibility="public" complexity="1" crap="1" count="5"/>
        <line num="47" type="stmt" count="5"/>
        <line num="56" type="method" name="isAllowed" visibility="public" complexity="1" crap="1" count="1"/>
        <line num="58" type="stmt" count="1"/>
        <metrics loc="60" ncloc="23" classes="1" methods="2" coveredmethods="2" conditionals="0" coveredconditionals="0" statements="2" coveredstatements="2" elements="4" coveredelements="4"/>
      </file>
      <file name="/home/lsv/Projects/altapay-php-api/src/Types/PaymentSources.php">
        <class name="PaymentSources" namespace="Altapay\Types">
          <metrics complexity="2" methods="2" coveredmethods="2" conditionals="0" coveredconditionals="0" statements="2" coveredstatements="2" elements="4" coveredelements="4"/>
        </class>
        <line num="50" type="method" name="getAllowed" visibility="public" complexity="1" crap="1" count="35"/>
        <line num="52" type="stmt" count="35"/>
        <line num="61" type="method" name="isAllowed" visibility="public" complexity="1" crap="1" count="1"/>
        <line num="63" type="stmt" count="1"/>
        <metrics loc="65" ncloc="25" classes="1" methods="2" coveredmethods="2" conditionals="0" coveredconditionals="0" statements="2" coveredstatements="2" elements="4" coveredelements="4"/>
      </file>
      <file name="/home/lsv/Projects/altapay-php-api/src/Types/PaymentTypes.php">
        <class name="PaymentTypes" namespace="Altapay\Types">
          <metrics complexity="2" methods="2" coveredmethods="2" conditionals="0" coveredconditionals="0" statements="2" coveredstatements="2" elements="4" coveredelements="4"/>
        </class>
        <line num="51" type="method" name="getAllowed" visibility="public" complexity="1" crap="1" count="29"/>
        <line num="53" type="stmt" count="29"/>
        <line num="62" type="method" name="isAllowed" visibility="public" complexity="1" crap="1" count="1"/>
        <line num="64" type="stmt" count="1"/>
        <metrics loc="66" ncloc="26" classes="1" methods="2" coveredmethods="2" conditionals="0" coveredconditionals="0" statements="2" coveredstatements="2" elements="4" coveredelements="4"/>
      </file>
      <file name="/home/lsv/Projects/altapay-php-api/src/Types/ShippingMethods.php">
        <class name="ShippingMethods" namespace="Altapay\Types">
          <metrics complexity="2" methods="2" coveredmethods="2" conditionals="0" coveredconditionals="0" statements="2" coveredstatements="2" elements="4" coveredelements="4"/>
        </class>
        <line num="51" type="method" name="getAllowed" visibility="public" complexity="1" crap="1" count="21"/>
        <line num="53" type="stmt" count="21"/>
        <line num="62" type="method" name="isAllowed" visibility="public" complexity="1" crap="1" count="1"/>
        <line num="64" type="stmt" count="1"/>
        <metrics loc="66" ncloc="29" classes="1" methods="2" coveredmethods="2" conditionals="0" coveredconditionals="0" statements="2" coveredstatements="2" elements="4" coveredelements="4"/>
      </file>
    </package>
    <file name="/home/lsv/Projects/altapay-php-api/src/Types/TypeInterface.php">
      <metrics loc="43" ncloc="11" classes="0" methods="0" coveredmethods="0" conditionals="0" coveredconditionals="0" statements="0" coveredstatements="0" elements="0" coveredelements="0"/>
    </file>
    <metrics files="89" loc="7573" ncloc="3709" classes="59" methods="254" coveredmethods="251" conditionals="0" coveredconditionals="0" statements="886" coveredstatements="878" elements="1140" coveredelements="1129"/>
  </project>
</coverage>
